# JRE version: Java(TM) SE Runtime Environment (17.0.4+11) (build 17.0.4+11-LTS-179)
# Java VM: Java HotSpot(TM) 64-Bit Server VM (17.0.4+11-LTS-179, mixed mode, sharing, tiered, compressed oops, compressed class ptrs, g1 gc, windows-amd64)
GC Precious Log:
 CPUs: 4 total, 4 available
 Memory: 8004M
 Large Page Support: Disabled
 NUMA Support: Disabled
 Compressed Oops: Enabled (32-bit)
 Heap Region Size: 1M
 Heap Min Capacity: 8M
 Heap Initial Capacity: 126M
 Heap Max Capacity: 2002M
 Pre-touch: Disabled
 Parallel Workers: 4
 Concurrent Workers: 1
 Concurrent Refinement Workers: 4
 Periodic GC: Disabled
Heap:
 garbage-first heap   total 58368K, used 45965K [0x0000000082e00000, 0x0000000100000000)
  region size 1024K, 22 young (22528K), 2 survivors (2048K)
 Metaspace       used 57329K, committed 57728K, reserved 1105920K
  class space    used 7838K, committed 8000K, reserved 1048576K
GC Heap History (20 events):
Event: 8.070 GC heap before
{Heap before GC invocations=12 (full 0):
 garbage-first heap   total 48128K, used 36164K [0x0000000082e00000, 0x0000000100000000)
  region size 1024K, 19 young (19456K), 2 survivors (2048K)
 Metaspace       used 40535K, committed 40896K, reserved 1089536K
  class space    used 5458K, committed 5632K, reserved 1048576K
}
Event: 8.073 GC heap after
{Heap after GC invocations=13 (full 0):
 garbage-first heap   total 48128K, used 20878K [0x0000000082e00000, 0x0000000100000000)
  region size 1024K, 3 young (3072K), 3 survivors (3072K)
 Metaspace       used 40535K, committed 40896K, reserved 1089536K
  class space    used 5458K, committed 5632K, reserved 1048576K
}
Event: 8.106 GC heap before
{Heap before GC invocations=13 (full 0):
 garbage-first heap   total 48128K, used 20878K [0x0000000082e00000, 0x0000000100000000)
  region size 1024K, 4 young (4096K), 3 survivors (3072K)
 Metaspace       used 40657K, committed 40960K, reserved 1089536K
  class space    used 5477K, committed 5632K, reserved 1048576K
}
Event: 8.110 GC heap after
{Heap after GC invocations=14 (full 0):
 garbage-first heap   total 48128K, used 20956K [0x0000000082e00000, 0x0000000100000000)
  region size 1024K, 1 young (1024K), 1 survivors (1024K)
 Metaspace       used 40657K, committed 40960K, reserved 1089536K
  class space    used 5477K, committed 5632K, reserved 1048576K
}
Event: 8.785 GC heap before
{Heap before GC invocations=14 (full 0):
 garbage-first heap   total 48128K, used 36316K [0x0000000082e00000, 0x0000000100000000)
  region size 1024K, 16 young (16384K), 1 survivors (1024K)
 Metaspace       used 44721K, committed 45056K, reserved 1089536K
  class space    used 6055K, committed 6208K, reserved 1048576K
}
Event: 8.788 GC heap after
{Heap after GC invocations=15 (full 0):
 garbage-first heap   total 48128K, used 21368K [0x0000000082e00000, 0x0000000100000000)
  region size 1024K, 1 young (1024K), 1 survivors (1024K)
 Metaspace       used 44721K, committed 45056K, reserved 1089536K
  class space    used 6055K, committed 6208K, reserved 1048576K
}
Event: 9.601 GC heap before
{Heap before GC invocations=15 (full 0):
 garbage-first heap   total 48128K, used 36728K [0x0000000082e00000, 0x0000000100000000)
  region size 1024K, 17 young (17408K), 1 survivors (1024K)
 Metaspace       used 48444K, committed 48768K, reserved 1097728K
  class space    used 6620K, committed 6784K, reserved 1048576K
}
Event: 9.603 GC heap after
{Heap after GC invocations=16 (full 0):
 garbage-first heap   total 48128K, used 21957K [0x0000000082e00000, 0x0000000100000000)
  region size 1024K, 2 young (2048K), 2 survivors (2048K)
 Metaspace       used 48444K, committed 48768K, reserved 1097728K
  class space    used 6620K, committed 6784K, reserved 1048576K
}
Event: 10.102 GC heap before
{Heap before GC invocations=16 (full 0):
 garbage-first heap   total 48128K, used 37317K [0x0000000082e00000, 0x0000000100000000)
  region size 1024K, 18 young (18432K), 2 survivors (2048K)
 Metaspace       used 50682K, committed 51072K, reserved 1097728K
  class space    used 6913K, committed 7104K, reserved 1048576K
}
Event: 10.105 GC heap after
{Heap after GC invocations=17 (full 0):
 garbage-first heap   total 48128K, used 23447K [0x0000000082e00000, 0x0000000100000000)
  region size 1024K, 3 young (3072K), 3 survivors (3072K)
 Metaspace       used 50682K, committed 51072K, reserved 1097728K
  class space    used 6913K, committed 7104K, reserved 1048576K
}
Event: 10.454 GC heap before
{Heap before GC invocations=17 (full 0):
 garbage-first heap   total 48128K, used 38807K [0x0000000082e00000, 0x0000000100000000)
  region size 1024K, 18 young (18432K), 3 survivors (3072K)
 Metaspace       used 52294K, committed 52736K, reserved 1097728K
  class space    used 7145K, committed 7360K, reserved 1048576K
}
Event: 10.457 GC heap after
{Heap after GC invocations=18 (full 0):
 garbage-first heap   total 48128K, used 24075K [0x0000000082e00000, 0x0000000100000000)
  region size 1024K, 3 young (3072K), 3 survivors (3072K)
 Metaspace       used 52294K, committed 52736K, reserved 1097728K
  class space    used 7145K, committed 7360K, reserved 1048576K
}
Event: 10.618 GC heap before
{Heap before GC invocations=18 (full 0):
 garbage-first heap   total 48128K, used 38411K [0x0000000082e00000, 0x0000000100000000)
  region size 1024K, 17 young (17408K), 3 survivors (3072K)
 Metaspace       used 52796K, committed 53248K, reserved 1097728K
  class space    used 7203K, committed 7424K, reserved 1048576K
}
Event: 10.622 GC heap after
{Heap after GC invocations=19 (full 0):
 garbage-first heap   total 58368K, used 24766K [0x0000000082e00000, 0x0000000100000000)
  region size 1024K, 2 young (2048K), 2 survivors (2048K)
 Metaspace       used 52796K, committed 53248K, reserved 1097728K
  class space    used 7203K, committed 7424K, reserved 1048576K
}
Event: 10.852 GC heap before
{Heap before GC invocations=20 (full 0):
 garbage-first heap   total 58368K, used 46270K [0x0000000082e00000, 0x0000000100000000)
  region size 1024K, 23 young (23552K), 2 survivors (2048K)
 Metaspace       used 53321K, committed 53696K, reserved 1097728K
  class space    used 7280K, committed 7488K, reserved 1048576K
}
Event: 10.854 GC heap after
{Heap after GC invocations=21 (full 0):
 garbage-first heap   total 58368K, used 25186K [0x0000000082e00000, 0x0000000100000000)
  region size 1024K, 2 young (2048K), 2 survivors (2048K)
 Metaspace       used 53321K, committed 53696K, reserved 1097728K
  class space    used 7280K, committed 7488K, reserved 1048576K
}
Event: 10.881 GC heap before
{Heap before GC invocations=21 (full 0):
 garbage-first heap   total 58368K, used 26210K [0x0000000082e00000, 0x0000000100000000)
  region size 1024K, 3 young (3072K), 2 survivors (2048K)
 Metaspace       used 53321K, committed 53696K, reserved 1097728K
  class space    used 7280K, committed 7488K, reserved 1048576K
}
Event: 10.884 GC heap after
{Heap after GC invocations=22 (full 0):
 garbage-first heap   total 58368K, used 25167K [0x0000000082e00000, 0x0000000100000000)
  region size 1024K, 1 young (1024K), 1 survivors (1024K)
 Metaspace       used 53321K, committed 53696K, reserved 1097728K
  class space    used 7280K, committed 7488K, reserved 1048576K
}
Event: 11.451 GC heap before
{Heap before GC invocations=22 (full 0):
 garbage-first heap   total 58368K, used 46671K [0x0000000082e00000, 0x0000000100000000)
  region size 1024K, 22 young (22528K), 1 survivors (1024K)
 Metaspace       used 55451K, committed 55872K, reserved 1097728K
  class space    used 7585K, committed 7808K, reserved 1048576K
}
Event: 11.454 GC heap after
{Heap after GC invocations=23 (full 0):
 garbage-first heap   total 58368K, used 26509K [0x0000000082e00000, 0x0000000100000000)
  region size 1024K, 2 young (2048K), 2 survivors (2048K)
 Metaspace       used 55451K, committed 55872K, reserved 1097728K
  class space    used 7585K, committed 7808K, reserved 1048576K
}

